                                 Started job on |	Nov 14 16:40:59
                             Started mapping on |	Nov 14 23:38:57
                                    Finished on |	Nov 15 11:20:28
       Mapping speed, Million of reads per hour |	112.53

                          Number of input reads |	1315682894
                      Average input read length |	200
                                    UNIQUE READS:
                   Uniquely mapped reads number |	309888438
                        Uniquely mapped reads % |	23.55%
                          Average mapped length |	197.51
                       Number of splices: Total |	103622846
            Number of splices: Annotated (sjdb) |	102426802
                       Number of splices: GT/AG |	100678176
                       Number of splices: GC/AG |	1214104
                       Number of splices: AT/AC |	103173
               Number of splices: Non-canonical |	1627393
                      Mismatch rate per base, % |	0.33%
                         Deletion rate per base |	0.02%
                        Deletion average length |	1.43
                        Insertion rate per base |	0.01%
                       Insertion average length |	1.36
                             MULTI-MAPPING READS:
        Number of reads mapped to multiple loci |	71939506
             % of reads mapped to multiple loci |	5.47%
        Number of reads mapped to too many loci |	2354461
             % of reads mapped to too many loci |	0.18%
                                  UNMAPPED READS:
  Number of reads unmapped: too many mismatches |	0
       % of reads unmapped: too many mismatches |	0.00%
            Number of reads unmapped: too short |	927472596
                 % of reads unmapped: too short |	70.49%
                Number of reads unmapped: other |	4027893
                     % of reads unmapped: other |	0.31%
                                  CHIMERIC READS:
                       Number of chimeric reads |	0
                            % of chimeric reads |	0.00%
