                                 Started job on |	Nov 15 11:15:10
                             Started mapping on |	Nov 15 12:40:14
                                    Finished on |	Nov 15 20:14:25
       Mapping speed, Million of reads per hour |	69.44

                          Number of input reads |	525661615
                      Average input read length |	200
                                    UNIQUE READS:
                   Uniquely mapped reads number |	368915360
                        Uniquely mapped reads % |	70.18%
                          Average mapped length |	199.99
                       Number of splices: Total |	320404907
            Number of splices: Annotated (sjdb) |	319858577
                       Number of splices: GT/AG |	317344207
                       Number of splices: GC/AG |	1904800
                       Number of splices: AT/AC |	267236
               Number of splices: Non-canonical |	888664
                      Mismatch rate per base, % |	0.20%
                         Deletion rate per base |	0.01%
                        Deletion average length |	1.36
                        Insertion rate per base |	0.01%
                       Insertion average length |	1.29
                             MULTI-MAPPING READS:
        Number of reads mapped to multiple loci |	39916425
             % of reads mapped to multiple loci |	7.59%
        Number of reads mapped to too many loci |	1052185
             % of reads mapped to too many loci |	0.20%
                                  UNMAPPED READS:
  Number of reads unmapped: too many mismatches |	0
       % of reads unmapped: too many mismatches |	0.00%
            Number of reads unmapped: too short |	107641218
                 % of reads unmapped: too short |	20.48%
                Number of reads unmapped: other |	8136427
                     % of reads unmapped: other |	1.55%
                                  CHIMERIC READS:
                       Number of chimeric reads |	0
                            % of chimeric reads |	0.00%
