           Time    Speed        Read     Read   Mapped   Mapped   Mapped   Mapped Unmapped Unmapped Unmapped Unmapped
                    M/hr      number   length   unique   length   MMrate    multi   multi+       MM    short    other
Nov 15 11:17:50	Started 1st pass mapping
Nov 15 11:18:01     18.9       57658      200    81.9%    199.2     0.2%    15.8%     0.1%     0.0%     2.2%     0.0%
Nov 15 11:19:01    470.9     9286676      199    75.4%    198.5     0.2%    11.4%     0.0%     0.0%    13.1%     0.0%
Nov 15 11:20:02    451.8    16565525      199    77.6%    198.3     0.2%     9.5%     0.1%     0.0%    12.9%     0.0%
Nov 15 11:21:02    448.6    23924908      199    76.9%    198.7     0.2%     8.8%     0.0%     0.0%    14.2%     0.0%
Nov 15 11:22:02    486.3    34042157      199    77.7%    198.8     0.2%     7.2%     0.0%     0.0%    15.0%     0.0%
Nov 15 11:23:13    490.4    44003145      199    80.8%    198.8     0.2%     6.6%     0.0%     0.0%    12.5%     0.0%
Nov 15 11:24:34    441.9    49592722      199    75.8%    198.8     0.2%     7.2%     0.0%     0.0%    16.9%     0.0%
Nov 15 11:25:36    446.1    57751065      199    74.6%    198.9     0.2%     6.6%     0.0%     0.0%    18.8%     0.0%
Nov 15 11:26:36    474.2    69278652      200    74.9%    199.1     0.2%     8.1%     0.0%     0.0%    16.9%     0.0%
Nov 15 11:27:36    505.5    82287543      200    77.4%    199.3     0.2%     7.7%     0.0%     0.0%    14.9%     0.0%
Nov 15 11:28:36    526.3    94442331      200    79.3%    199.4     0.2%     7.1%     0.0%     0.0%    13.6%     0.0%
Nov 15 11:29:36    541.4   106177433      200    80.4%    199.4     0.2%     6.9%     0.0%     0.0%    12.7%     0.0%
Nov 15 11:30:36    556.2   118341219      200    81.2%    199.5     0.2%     6.9%     0.0%     0.0%    11.8%     0.0%
Nov 15 11:31:36    573.0   131478382      200    81.8%    199.5     0.2%     7.3%     0.0%     0.0%    10.9%     0.0%
Nov 15 11:32:36    576.2   141813490      200    82.3%    199.5     0.2%     7.3%     0.0%     0.0%    10.3%     0.0%
Nov 15 11:33:36    582.3   153011791      200    82.4%    199.6     0.2%     7.2%     0.0%     0.0%    10.3%     0.0%
Nov 15 11:34:38    585.4   163920845      200    82.8%    199.7     0.2%     7.3%     0.0%     0.0%     9.9%     0.0%
Nov 15 11:35:38    576.1   170912925      200    81.4%    199.7     0.2%     7.8%     0.0%     0.0%    10.7%     0.0%
Nov 15 11:36:38    574.9   180121620      200    81.6%    199.7     0.2%     7.7%     0.0%     0.0%    10.6%     0.0%
Nov 15 11:37:38    581.3   191819421      200    82.2%    199.8     0.2%     7.5%     0.0%     0.0%    10.2%     0.0%
Nov 15 11:38:38    573.3   198754748      200    81.7%    199.8     0.2%     7.5%     0.0%     0.0%    10.7%     0.0%
Nov 15 11:40:47    528.8   202285077      200    81.1%    199.8     0.2%     7.4%     0.0%     0.0%    11.4%     0.0%
Nov 15 11:41:52    505.7   202569156      200    81.1%    199.8     0.2%     7.4%     0.0%     0.0%    11.4%     0.0%
Nov 15 11:43:18    479.8   203648792      200    80.9%    199.8     0.2%     7.4%     0.0%     0.0%    11.6%     0.0%
Nov 15 11:44:18    462.1   203819261      200    80.9%    199.8     0.2%     7.4%     0.0%     0.0%    11.6%     0.0%
Nov 15 11:45:19    456.0   208877064      200    81.0%    199.8     0.2%     7.4%     0.1%     0.0%    11.6%     0.0%
Nov 15 11:46:20    450.4   213931972      200    81.0%    199.8     0.2%     7.3%     0.0%     0.0%    11.7%     0.0%
Nov 15 11:47:20    449.1   220809966      200    80.7%    199.8     0.2%     7.4%     0.1%     0.0%    11.8%     0.0%
Nov 15 11:48:20    440.0   223659775      200    80.2%    199.8     0.2%     7.3%     0.1%     0.0%    12.4%     0.0%
Nov 15 11:49:20    433.5   227586934      200    79.4%    199.8     0.2%     7.2%     0.1%     0.0%    13.3%     0.0%
Nov 15 11:50:32    435.1   237131315      200    79.7%    199.8     0.2%     7.1%     0.0%     0.0%    13.1%     0.0%
Nov 15 11:51:37    426.0   239856525      200    78.8%    199.8     0.2%     7.0%     0.0%     0.0%    14.1%     0.0%
Nov 15 11:52:37    418.5   242639757      200    77.9%    199.8     0.2%     6.9%     0.0%     0.0%    15.1%     0.0%
Nov 15 11:53:42    413.6   247251305      200    77.2%    199.8     0.2%     6.9%     0.0%     0.0%    15.8%     0.0%
Nov 15 11:54:45    410.7   252704465      200    76.5%    199.8     0.2%     7.0%     0.0%     0.0%    16.4%     0.0%
Nov 15 11:55:45    409.1   258558019      200    75.7%    199.8     0.2%     7.4%     0.0%     0.0%    16.8%     0.0%
Nov 15 11:57:01    401.6   262280889      200    75.3%    199.8     0.2%     7.4%     0.0%     0.0%    17.2%     0.0%
Nov 15 11:58:02    398.0   266685961      200    74.6%    199.8     0.2%     7.3%     0.0%     0.0%    18.0%     0.0%
Nov 15 11:59:03    401.9   276069709      200    74.7%    199.8     0.2%     7.3%     0.0%     0.0%    17.9%     0.0%
Nov 15 12:00:04    396.2   278876882      200    74.3%    199.8     0.2%     7.3%     0.0%     0.0%    18.4%     0.0%
Nov 15 12:01:04    390.4   281290345      200    73.6%    199.8     0.2%     7.2%     0.0%     0.0%    19.1%     0.0%
Nov 15 12:02:04    384.5   283474018      200    73.1%    199.8     0.2%     7.1%     0.0%     0.0%    19.7%     0.0%
Nov 15 12:03:04    380.4   286743637      200    72.6%    199.8     0.2%     7.1%     0.0%     0.0%    20.3%     0.0%
Nov 15 12:04:13    375.4   290242340      200    72.0%    199.8     0.2%     7.0%     0.0%     0.0%    20.9%     0.0%
Nov 15 12:05:13    371.1   293053306      200    71.3%    199.8     0.2%     7.0%     0.0%     0.0%    21.6%     0.0%
Nov 15 12:06:13    374.1   301699720      200    71.3%    199.8     0.2%     7.1%     0.0%     0.0%    21.5%     0.0%
Nov 15 12:07:21    375.9   310218935      200    71.6%    199.8     0.2%     7.2%     0.0%     0.0%    21.1%     0.0%
Nov 15 12:08:29    370.8   312977201      200    71.1%    199.8     0.2%     7.1%     0.0%     0.0%    21.7%     0.0%
Nov 15 12:09:33    367.5   316761806      200    70.4%    199.8     0.2%     7.1%     0.0%     0.0%    22.4%     0.0%
Nov 15 12:10:34    365.4   321103687      200    70.0%    199.8     0.2%     7.1%     0.0%     0.0%    22.9%     0.0%
Nov 15 12:11:40    361.6   324420391      200    69.6%    199.8     0.2%     7.0%     0.0%     0.0%    23.2%     0.0%
Nov 15 12:12:40    358.4   327576588      200    69.1%    199.8     0.2%     7.0%     0.0%     0.0%    23.8%     0.0%
Nov 15 12:13:40    356.5   331787410      200    68.7%    199.8     0.2%     7.1%     0.0%     0.0%    24.1%     0.0%
Nov 15 12:14:40    355.0   336237544      200    68.5%    199.8     0.2%     7.1%     0.0%     0.0%    24.4%     0.0%
Nov 15 12:15:45    351.2   338992565      200    68.0%    199.8     0.2%     7.1%     0.0%     0.0%    24.9%     0.0%
Nov 15 12:16:45    351.2   344866601      200    67.7%    199.8     0.2%     7.0%     0.0%     0.0%    25.2%     0.0%
Nov 15 12:17:52    353.8   353963700      200    68.1%    199.8     0.2%     7.0%     0.0%     0.0%    24.9%     0.0%
Nov 15 12:18:52    352.1   358197965      200    67.7%    199.8     0.2%     7.0%     0.0%     0.0%    25.3%     0.0%
Nov 15 12:19:54    350.6   362637210      200    67.7%    199.8     0.2%     6.9%     0.0%     0.0%    25.3%     0.0%
Nov 15 12:20:54    347.7   365450145      200    67.2%    199.8     0.2%     6.9%     0.0%     0.0%    25.8%     0.0%
Nov 15 12:21:54    352.5   376415415      200    67.5%    199.8     0.2%     7.0%     0.0%     0.0%    25.4%     0.0%
Nov 15 12:22:57    353.4   383516430      200    67.6%    199.9     0.2%     7.1%     0.0%     0.0%    25.2%     0.0%
Nov 15 12:23:57    355.0   391161615      200    67.5%    199.9     0.2%     7.1%     0.0%     0.0%    25.3%     0.0%
Nov 15 12:24:57    359.4   402004116      200    68.0%    199.9     0.2%     7.1%     0.0%     0.0%    24.8%     0.0%
Nov 15 12:25:57    364.6   413924209      200    68.5%    199.9     0.2%     7.1%     0.0%     0.0%    24.3%     0.0%
Nov 15 12:26:57    364.4   419791230      200    68.4%    199.9     0.2%     7.2%     0.0%     0.0%    24.4%     0.0%
Nov 15 12:27:57    366.1   427863572      200    68.5%    199.9     0.2%     7.2%     0.0%     0.0%    24.3%     0.0%
Nov 15 12:28:57    370.0   438533344      200    68.7%    199.9     0.2%     7.2%     0.0%     0.0%    24.0%     0.0%
Nov 15 12:29:59    370.2   445124746      200    68.9%    199.9     0.2%     7.2%     0.0%     0.0%    23.8%     0.0%
Nov 15 12:30:59    368.4   449129735      200    68.6%    199.9     0.2%     7.1%     0.0%     0.0%    24.2%     0.0%
Nov 15 12:31:59    372.7   460602096      200    68.9%    199.9     0.2%     7.1%     0.0%     0.0%    23.9%     0.0%
Nov 15 12:32:59    377.0   472181499      200    69.3%    199.9     0.2%     7.2%     0.0%     0.0%    23.4%     0.0%
Nov 15 12:33:59    380.5   482976986      200    69.6%    199.9     0.2%     7.2%     0.0%     0.0%    23.1%     0.0%
Nov 15 12:34:59    386.1   496489938      200    70.1%    199.9     0.2%     7.2%     0.0%     0.0%    22.6%     0.0%
Nov 15 12:35:59    391.6   510110966      200    70.6%    200.0     0.2%     7.2%     0.0%     0.0%    22.1%     0.0%
Nov 15 12:36:59    391.8   516881506      200    70.5%    200.0     0.2%     7.3%     0.0%     0.0%    22.2%     0.0%
Nov 15 12:38:02    393.0   525373845      200    70.7%    200.0     0.2%     7.3%     0.0%     0.0%    21.9%     0.0%
Nov 15 12:38:07	Finished 1st pass mapping
Nov 15 12:41:15     34.2      578943      199    78.9%    198.7     0.2%    16.2%     0.3%     0.0%     4.2%     0.3%
Nov 15 12:42:15     51.6     1734548      199    79.9%    198.8     0.2%    16.3%     0.3%     0.0%     3.2%     0.3%
Nov 15 12:43:18     56.5     2888400      200    80.5%    199.0     0.2%    15.9%     0.3%     0.0%     3.1%     0.2%
Nov 15 12:44:19     63.8     4339602      199    78.2%    199.0     0.2%    14.3%     0.3%     0.0%     6.7%     0.5%
Nov 15 12:45:21     81.5     6950292      199    75.1%    199.1     0.2%    13.1%     0.3%     0.0%    10.5%     1.1%
Nov 15 12:46:21     93.9     9570057      199    77.9%    198.3     0.2%    11.6%     0.3%     0.0%     9.3%     0.9%
Nov 15 12:47:21     99.7    11823659      199    79.7%    198.3     0.2%    10.2%     0.2%     0.0%     9.0%     0.9%
Nov 15 12:48:22    103.4    14019095      199    80.2%    198.4     0.2%     9.5%     0.2%     0.0%     9.1%     1.0%
Nov 15 12:49:28     97.5    15005530      199    79.3%    198.4     0.2%     9.4%     0.2%     0.0%    10.1%     1.0%
Nov 15 12:50:29     92.2    15754454      199    79.0%    198.4     0.2%     9.7%     0.2%     0.0%    10.2%     1.0%
Nov 15 12:51:30     89.4    16790684      199    78.7%    198.3     0.2%    10.1%     0.2%     0.0%    10.0%     1.0%
Nov 15 12:52:30     86.1    17596439      199    78.4%    198.3     0.2%    10.4%     0.2%     0.0%    10.0%     0.9%
Nov 15 12:53:33     84.5    18746725      199    77.3%    198.4     0.2%    10.1%     0.2%     0.0%    11.4%     0.9%
Nov 15 12:54:37     88.7    21274865      199    77.7%    198.6     0.2%     9.5%     0.2%     0.0%    11.5%     1.0%
Nov 15 12:55:43     92.3    23809378      199    76.6%    198.7     0.2%     9.0%     0.2%     0.0%    12.8%     1.3%
Nov 15 12:56:43     94.4    25936797      199    74.8%    198.7     0.2%     8.5%     0.2%     0.0%    15.3%     1.2%
Nov 15 12:57:43     97.3    28345580      199    76.0%    198.8     0.2%     8.1%     0.2%     0.0%    14.6%     1.1%
Nov 15 12:58:49     99.5    30812486      199    76.6%    198.9     0.2%     7.7%     0.2%     0.0%    14.4%     1.1%
Nov 15 12:59:53    101.5    33230871      199    77.7%    198.9     0.2%     7.5%     0.2%     0.0%    13.6%     1.0%
Nov 15 13:00:55    103.6    35706664      199    78.5%    198.9     0.2%     7.6%     0.2%     0.0%    12.8%     1.0%
Nov 15 13:01:55    105.2    38025147      199    79.2%    198.7     0.2%     7.4%     0.2%     0.0%    12.3%     0.9%
Nov 15 13:02:55    107.6    40672105      199    79.7%    198.8     0.2%     7.1%     0.1%     0.0%    12.1%     1.0%
Nov 15 13:03:55    108.7    42909984      199    80.5%    198.8     0.2%     7.0%     0.1%     0.0%    11.5%     0.9%
Nov 15 13:04:56    108.8    44808978      199    78.9%    198.8     0.2%     6.7%     0.1%     0.0%    13.3%     0.9%
Nov 15 13:06:00    107.0    45961843      199    77.3%    198.8     0.2%     6.6%     0.1%     0.0%    15.1%     0.9%
Nov 15 13:07:00    105.6    47110979      199    76.9%    198.8     0.2%     7.0%     0.1%     0.0%    15.0%     0.9%
Nov 15 13:08:07    105.6    49067267      199    76.2%    198.8     0.2%     7.5%     0.2%     0.0%    15.2%     0.9%
Nov 15 13:09:11    106.2    51255954      199    73.3%    198.8     0.2%     7.3%     0.2%     0.0%    18.3%     0.9%
Nov 15 13:10:11    108.4    54127515      199    73.2%    198.9     0.2%     7.0%     0.1%     0.0%    18.7%     0.9%
Nov 15 13:11:12    109.5    56538348      199    74.1%    198.9     0.2%     6.9%     0.1%     0.0%    18.0%     0.9%
Nov 15 13:12:12    108.2    57628555      199    74.4%    198.9     0.2%     6.8%     0.1%     0.0%    17.7%     0.8%
Nov 15 13:13:14    106.8    58725584      199    74.2%    199.0     0.2%     6.9%     0.1%     0.0%    17.8%     0.9%
Nov 15 13:14:14    106.1    60102066      199    74.3%    199.0     0.2%     7.2%     0.1%     0.0%    17.5%     0.9%
Nov 15 13:15:14    106.9    62343253      199    74.0%    199.0     0.2%     7.4%     0.2%     0.0%    17.5%     0.9%
Nov 15 13:16:15    107.6    64580189      199    74.1%    199.0     0.2%     7.6%     0.2%     0.0%    17.2%     0.9%
Nov 15 13:17:15    108.3    66814657      200    74.3%    199.1     0.2%     8.0%     0.2%     0.0%    16.7%     0.9%
Nov 15 13:18:16    108.6    68820247      200    74.5%    199.1     0.2%     8.2%     0.2%     0.0%    16.3%     0.9%
Nov 15 13:19:18    109.5    71289415      200    74.6%    199.1     0.2%     8.5%     0.2%     0.0%    15.9%     0.9%
Nov 15 13:20:19    110.1    73580113      200    75.1%    199.2     0.2%     8.4%     0.2%     0.0%    15.5%     0.8%
Nov 15 13:21:19    110.7    75813674      200    75.6%    199.2     0.2%     8.3%     0.2%     0.0%    15.1%     0.8%
Nov 15 13:22:19    111.8    78390532      200    76.2%    199.2     0.2%     8.2%     0.2%     0.0%    14.7%     0.8%
Nov 15 13:23:21    112.4    80738238      200    76.7%    199.3     0.2%     8.0%     0.2%     0.0%    14.3%     0.8%
Nov 15 13:24:24    113.0    83144797      200    77.2%    199.3     0.2%     7.9%     0.2%     0.0%    14.0%     0.8%
Nov 15 13:25:24    113.9    85723763      200    77.6%    199.3     0.2%     7.7%     0.2%     0.0%    13.7%     0.7%
Nov 15 13:26:27    114.6    88307102      200    77.8%    199.3     0.2%     7.6%     0.1%     0.0%    13.7%     0.7%
Nov 15 13:27:27    115.0    90486146      200    78.2%    199.4     0.2%     7.5%     0.1%     0.0%    13.4%     0.7%
Nov 15 13:28:27    115.5    92838818      200    78.5%    199.4     0.2%     7.4%     0.1%     0.0%    13.3%     0.7%
Nov 15 13:29:27    116.1    95244682      200    78.9%    199.4     0.2%     7.4%     0.1%     0.0%    13.0%     0.7%
Nov 15 13:30:27    116.7    97650737      200    79.2%    199.4     0.2%     7.3%     0.1%     0.0%    12.7%     0.7%
Nov 15 13:31:29    116.8    99769680      200    79.5%    199.4     0.2%     7.3%     0.1%     0.0%    12.4%     0.7%
Nov 15 13:32:30    117.7   102515833      200    79.6%    199.4     0.2%     7.2%     0.1%     0.0%    12.4%     0.6%
Nov 15 13:33:32    118.3   105086209      200    79.9%    199.4     0.2%     7.2%     0.1%     0.0%    12.1%     0.6%
Nov 15 13:34:33    118.7   107485532      200    80.2%    199.5     0.2%     7.1%     0.1%     0.0%    11.9%     0.6%
Nov 15 13:35:34    119.1   109827416      200    80.4%    199.5     0.2%     7.1%     0.1%     0.0%    11.7%     0.6%
Nov 15 13:36:37    119.4   112224059      200    80.5%    199.5     0.2%     7.2%     0.2%     0.0%    11.6%     0.6%
Nov 15 13:37:37    119.5   114278257      200    80.6%    199.5     0.2%     7.2%     0.2%     0.0%    11.4%     0.6%
Nov 15 13:38:38    120.2   117021798      200    80.7%    199.5     0.2%     7.2%     0.2%     0.0%    11.3%     0.6%
Nov 15 13:39:39    120.6   119421063      200    81.0%    199.5     0.2%     7.1%     0.2%     0.0%    11.1%     0.6%
Nov 15 13:40:40    121.3   122165653      200    81.2%    199.5     0.2%     7.0%     0.1%     0.0%    11.0%     0.6%
Nov 15 13:41:41    121.6   124563308      200    81.4%    199.5     0.2%     7.0%     0.1%     0.0%    10.9%     0.6%
Nov 15 13:42:42    121.7   126675915      200    81.6%    199.5     0.2%     7.0%     0.1%     0.0%    10.7%     0.6%
Nov 15 13:43:46    121.8   129019764      200    81.5%    199.5     0.2%     7.3%     0.1%     0.0%    10.6%     0.6%
Nov 15 13:44:46    122.1   131306858      200    81.3%    199.5     0.2%     7.5%     0.2%     0.0%    10.4%     0.6%
Nov 15 13:45:46    122.3   133591278      200    81.3%    199.5     0.2%     7.7%     0.2%     0.0%    10.3%     0.6%
Nov 15 13:46:48    122.7   136103168      200    81.4%    199.5     0.2%     7.6%     0.2%     0.0%    10.2%     0.5%
Nov 15 13:47:49    122.6   138045029      200    81.5%    199.5     0.2%     7.6%     0.2%     0.0%    10.2%     0.5%
Nov 15 13:48:49    123.0   140613143      200    81.7%    199.6     0.2%     7.6%     0.2%     0.0%    10.0%     0.5%
Nov 15 13:49:52    122.6   142269569      200    81.7%    199.6     0.2%     7.6%     0.2%     0.0%    10.0%     0.5%
Nov 15 13:50:53    122.4   144086846      200    81.7%    199.6     0.2%     7.6%     0.2%     0.0%    10.0%     0.5%
Nov 15 13:51:56    122.4   146246390      200    81.8%    199.6     0.2%     7.6%     0.2%     0.0%     9.9%     0.5%
Nov 15 13:52:57    122.7   148747222      200    81.9%    199.6     0.2%     7.6%     0.2%     0.0%     9.9%     0.5%
Nov 15 13:53:57    122.9   151021422      200    82.0%    199.6     0.2%     7.5%     0.2%     0.0%     9.8%     0.5%
Nov 15 13:54:58    122.9   153065168      200    82.1%    199.6     0.2%     7.5%     0.2%     0.0%     9.7%     0.5%
Nov 15 13:55:59    123.2   155566650      200    82.1%    199.7     0.2%     7.5%     0.2%     0.0%     9.7%     0.6%
Nov 15 13:56:59    123.3   157783665      200    82.1%    199.7     0.2%     7.5%     0.2%     0.0%     9.7%     0.5%
Nov 15 13:58:00    123.4   159885484      200    82.2%    199.7     0.2%     7.5%     0.2%     0.0%     9.6%     0.5%
Nov 15 13:59:00    123.4   162044157      200    82.2%    199.7     0.2%     7.6%     0.2%     0.0%     9.5%     0.5%
Nov 15 14:00:00    123.6   164375646      200    82.1%    199.7     0.2%     7.7%     0.2%     0.0%     9.5%     0.5%
Nov 15 14:01:12    123.6   166819410      200    81.5%    199.7     0.2%     7.9%     0.2%     0.0%     9.9%     0.5%
Nov 15 14:02:12    124.1   169546443      200    81.1%    199.7     0.2%     8.2%     0.2%     0.0%    10.1%     0.5%
Nov 15 14:03:19    124.1   171875605      200    81.1%    199.7     0.2%     8.1%     0.2%     0.0%    10.1%     0.5%
Nov 15 14:04:21    124.1   173978802      200    81.1%    199.7     0.2%     8.1%     0.2%     0.0%    10.1%     0.5%
Nov 15 14:05:27    124.1   176253762      200    81.0%    199.7     0.2%     8.1%     0.2%     0.0%    10.3%     0.5%
Nov 15 14:06:27    124.1   178357309      200    81.0%    199.7     0.2%     8.0%     0.2%     0.0%    10.3%     0.5%
Nov 15 14:07:28    124.3   180747419      200    81.1%    199.7     0.2%     8.0%     0.2%     0.0%    10.3%     0.5%
Nov 15 14:08:28    124.5   183074157      200    81.2%    199.7     0.2%     8.0%     0.2%     0.0%    10.2%     0.5%
Nov 15 14:09:30    124.6   185400428      200    81.3%    199.8     0.2%     7.9%     0.2%     0.0%    10.1%     0.5%
Nov 15 14:10:30    124.7   187556630      200    81.4%    199.8     0.2%     7.9%     0.2%     0.0%    10.0%     0.5%
Nov 15 14:11:31    124.7   189771862      200    81.5%    199.8     0.2%     7.9%     0.2%     0.0%     9.9%     0.5%
Nov 15 14:12:31    125.0   192274935      200    81.6%    199.8     0.2%     7.8%     0.2%     0.0%     9.9%     0.5%
Nov 15 14:13:40    124.9   194436355      200    81.5%    199.8     0.2%     7.8%     0.2%     0.0%    10.0%     0.5%
Nov 15 14:14:42    124.9   196652191      200    81.3%    199.8     0.2%     7.8%     0.2%     0.0%    10.2%     0.5%
Nov 15 14:15:42    125.2   199152323      200    81.1%    199.8     0.2%     7.8%     0.2%     0.0%    10.4%     0.5%
Nov 15 14:16:47    125.5   201943460      200    80.7%    199.8     0.2%     7.8%     0.2%     0.0%    10.9%     0.5%
Nov 15 14:21:06    120.3   202285077      200    80.6%    199.8     0.2%     7.8%     0.2%     0.0%    11.0%     0.5%
Nov 15 14:23:06    118.0   202341884      200    80.6%    199.8     0.2%     7.8%     0.2%     0.0%    11.0%     0.5%
Nov 15 14:27:48    113.6   203648792      200    80.4%    199.8     0.2%     7.8%     0.2%     0.0%    11.1%     0.5%
Nov 15 14:29:43    111.6   203705615      200    80.4%    199.8     0.2%     7.8%     0.2%     0.0%    11.1%     0.5%
Nov 15 14:30:48    111.8   206035545      200    80.3%    199.8     0.2%     7.8%     0.2%     0.0%    11.2%     0.5%
Nov 15 14:31:50    111.9   208138301      200    80.4%    199.8     0.2%     7.7%     0.2%     0.0%    11.1%     0.5%
Nov 15 14:32:51    111.9   210012969      200    80.4%    199.8     0.2%     7.7%     0.2%     0.0%    11.2%     0.5%
Nov 15 14:33:52    111.8   211716913      200    80.4%    199.8     0.2%     7.7%     0.2%     0.0%    11.2%     0.5%
Nov 15 14:35:06    111.7   213931972      200    80.4%    199.8     0.2%     7.6%     0.2%     0.0%    11.3%     0.5%
Nov 15 14:36:06    111.4   215181904      200    80.3%    199.8     0.2%     7.7%     0.2%     0.0%    11.3%     0.5%
Nov 15 14:37:06    111.4   216887608      200    80.2%    199.8     0.2%     7.7%     0.2%     0.0%    11.4%     0.5%
Nov 15 14:38:07    111.8   219558222      200    80.2%    199.8     0.2%     7.7%     0.2%     0.0%    11.4%     0.5%
Nov 15 14:39:58    111.2   221948985      200    80.2%    199.8     0.2%     7.7%     0.2%     0.0%    11.4%     0.5%
Nov 15 14:41:16    110.7   223259553      200    79.8%    199.8     0.2%     7.7%     0.2%     0.0%    11.8%     0.5%
Nov 15 14:42:16    110.9   225650783      200    79.2%    199.8     0.2%     7.6%     0.2%     0.0%    12.5%     0.5%
Nov 15 14:43:20    111.2   228154518      200    78.8%    199.8     0.2%     7.6%     0.2%     0.0%    12.9%     0.5%
Nov 15 14:44:20    111.6   230769670      200    78.9%    199.8     0.2%     7.5%     0.2%     0.0%    12.9%     0.5%
Nov 15 14:45:23    111.9   233325795      200    79.0%    199.8     0.2%     7.5%     0.2%     0.0%    12.8%     0.5%
Nov 15 14:46:24    111.8   235143299      200    79.1%    199.8     0.2%     7.4%     0.2%     0.0%    12.7%     0.5%
Nov 15 14:47:24    112.1   237642265      200    79.0%    199.8     0.2%     7.4%     0.2%     0.0%    12.9%     0.5%
Nov 15 14:48:24    112.3   239799747      200    78.3%    199.8     0.2%     7.4%     0.2%     0.0%    13.7%     0.5%
Nov 15 14:49:24    112.4   242014135      200    77.6%    199.8     0.2%     7.3%     0.2%     0.0%    14.4%     0.5%
Nov 15 14:50:24    112.4   243832618      200    77.1%    199.8     0.2%     7.2%     0.2%     0.0%    15.0%     0.5%
Nov 15 14:51:24    112.6   246053332      200    76.8%    199.8     0.2%     7.2%     0.2%     0.0%    15.3%     0.5%
Nov 15 14:52:32    112.6   248384362      200    76.6%    199.8     0.2%     7.2%     0.2%     0.0%    15.5%     0.5%
Nov 15 14:53:35    112.9   250940761      200    76.3%    199.8     0.2%     7.2%     0.2%     0.0%    15.8%     0.5%
Nov 15 14:54:35    113.2   253440298      200    75.9%    199.8     0.2%     7.4%     0.2%     0.0%    16.0%     0.5%
Nov 15 14:55:35    113.4   255882676      200    75.5%    199.8     0.2%     7.6%     0.2%     0.0%    16.2%     0.5%
Nov 15 14:56:35    113.7   258275945      200    75.2%    199.8     0.2%     7.8%     0.2%     0.0%    16.4%     0.5%
Nov 15 14:58:49    112.9   260788338      200    75.2%    199.8     0.2%     7.8%     0.2%     0.0%    16.4%     0.5%
Nov 15 15:02:32    110.0   260903322      200    75.2%    199.8     0.2%     7.8%     0.2%     0.0%    16.4%     0.5%
Nov 15 15:04:00    108.9   260960753      200    75.2%    199.8     0.2%     7.8%     0.2%     0.0%    16.4%     0.5%
Nov 15 15:05:38    108.2   262166118      200    74.8%    199.8     0.2%     7.7%     0.2%     0.0%    16.7%     0.6%
Nov 15 15:10:00    105.1   262280889      200    74.8%    199.8     0.2%     7.7%     0.2%     0.0%    16.8%     0.6%
Nov 15 15:11:28    104.1   262338452      200    74.8%    199.8     0.2%     7.7%     0.2%     0.0%    16.8%     0.6%
Nov 15 15:12:58    103.5   263544815      200    74.4%    199.8     0.2%     7.7%     0.2%     0.0%    17.1%     0.6%
Nov 15 15:17:14    100.8   263659412      200    74.4%    199.8     0.2%     7.7%     0.2%     0.0%    17.1%     0.6%
Nov 15 15:18:14    100.3   264177059      200    74.2%    199.8     0.2%     7.7%     0.2%     0.0%    17.2%     0.7%
Nov 15 15:19:16    100.3   265720136      200    74.1%    199.8     0.2%     7.7%     0.2%     0.0%    17.4%     0.7%
Nov 15 15:20:16    100.5   268163099      200    74.2%    199.8     0.2%     7.7%     0.2%     0.0%    17.3%     0.7%
Nov 15 15:21:18    100.8   270720733      200    74.3%    199.8     0.2%     7.6%     0.2%     0.0%    17.2%     0.7%
Nov 15 15:22:18    101.2   273394106      200    74.3%    199.8     0.2%     7.6%     0.2%     0.0%    17.2%     0.7%
Nov 15 15:24:09    100.6   274814755      200    74.3%    199.8     0.2%     7.6%     0.2%     0.0%    17.2%     0.7%
Nov 15 15:26:37     99.9   277154421      200    74.1%    199.8     0.2%     7.6%     0.2%     0.0%    17.4%     0.7%
Nov 15 15:27:43     99.3   277211719      200    74.1%    199.8     0.2%     7.6%     0.2%     0.0%    17.4%     0.7%
Nov 15 15:30:55     97.7   277899686      200    74.0%    199.8     0.2%     7.6%     0.2%     0.0%    17.5%     0.7%
Nov 15 15:32:34     97.0   278531828      200    73.8%    199.8     0.2%     7.6%     0.2%     0.0%    17.6%     0.8%
Nov 15 15:33:37     96.4   278589312      200    73.8%    199.8     0.2%     7.6%     0.2%     0.0%    17.7%     0.8%
Nov 15 15:36:48     94.9   279278944      200    73.7%    199.8     0.2%     7.6%     0.2%     0.0%    17.8%     0.8%
Nov 15 15:38:24     94.3   279910963      200    73.5%    199.8     0.2%     7.6%     0.2%     0.0%    18.0%     0.8%
Nov 15 15:39:30     93.7   279968416      200    73.5%    199.8     0.2%     7.5%     0.2%     0.0%    18.0%     0.8%
Nov 15 15:42:26     92.4   280657962      200    73.3%    199.8     0.2%     7.5%     0.2%     0.0%    18.2%     0.8%
Nov 15 15:43:46     91.9   281232833      200    73.2%    199.8     0.2%     7.5%     0.2%     0.0%    18.3%     0.8%
Nov 15 15:45:03     91.3   281347885      200    73.1%    199.8     0.2%     7.5%     0.2%     0.0%    18.4%     0.8%
Nov 15 15:46:20     90.9   281865169      200    73.0%    199.8     0.2%     7.5%     0.2%     0.0%    18.5%     0.9%
Nov 15 15:48:37     89.8   282037308      200    72.9%    199.8     0.2%     7.5%     0.2%     0.0%    18.5%     0.9%
Nov 15 15:49:56     89.6   283128298      200    72.7%    199.8     0.2%     7.5%     0.2%     0.0%    18.8%     0.9%
Nov 15 15:50:59     89.1   283243521      200    72.7%    199.8     0.2%     7.5%     0.2%     0.0%    18.8%     0.9%
Nov 15 15:52:08     88.6   283301218      200    72.6%    199.8     0.2%     7.5%     0.2%     0.0%    18.8%     0.9%
Nov 15 15:53:59     87.7   283358908      200    72.6%    199.8     0.2%     7.5%     0.2%     0.0%    18.8%     0.9%
Nov 15 15:55:07     87.3   283474665      200    72.6%    199.8     0.2%     7.5%     0.2%     0.0%    18.9%     0.9%
Nov 15 15:56:18     87.0   284339839      200    72.4%    199.8     0.2%     7.4%     0.2%     0.0%    19.1%     1.0%
Nov 15 15:57:40     86.5   284685071      200    72.3%    199.8     0.2%     7.4%     0.2%     0.0%    19.1%     1.0%
Nov 15 15:58:41     86.3   285542323      200    72.2%    199.8     0.2%     7.4%     0.2%     0.0%    19.2%     1.0%
Nov 15 15:59:48     86.0   285942786      200    72.2%    199.8     0.2%     7.4%     0.2%     0.0%    19.3%     1.0%
Nov 15 16:00:50     85.6   286114258      200    72.2%    199.8     0.2%     7.4%     0.2%     0.0%    19.3%     1.0%
Nov 15 16:02:58     84.8   286571721      200    72.1%    199.8     0.2%     7.4%     0.2%     0.0%    19.3%     1.0%
Nov 15 16:04:17     84.5   287316804      200    72.0%    199.8     0.2%     7.4%     0.2%     0.0%    19.5%     1.0%
Nov 15 16:05:28     84.1   287661190      200    71.9%    199.8     0.2%     7.4%     0.2%     0.0%    19.5%     1.0%
Nov 15 16:06:41     83.9   288691041      200    71.8%    199.8     0.2%     7.4%     0.2%     0.0%    19.6%     1.0%
Nov 15 16:07:45     83.6   289149531      200    71.7%    199.8     0.2%     7.4%     0.2%     0.0%    19.7%     1.0%
Nov 15 16:08:47     83.3   289378876      200    71.7%    199.8     0.2%     7.4%     0.2%     0.0%    19.8%     1.0%
Nov 15 16:10:55     82.5   289550836      200    71.7%    199.8     0.2%     7.4%     0.2%     0.0%    19.8%     1.0%
Nov 15 16:12:21     82.0   289838724      200    71.6%    199.8     0.2%     7.4%     0.2%     0.0%    19.9%     1.0%
Nov 15 16:13:29     81.8   290643492      200    71.4%    199.8     0.2%     7.3%     0.2%     0.0%    20.0%     1.1%
Nov 15 16:16:03     80.9   290930195      200    71.3%    199.8     0.2%     7.3%     0.2%     0.0%    20.1%     1.1%
Nov 15 16:17:20     80.5   291217125      200    71.3%    199.8     0.2%     7.3%     0.2%     0.0%    20.2%     1.1%
Nov 15 16:18:27     80.1   291389238      200    71.2%    199.8     0.2%     7.3%     0.2%     0.0%    20.2%     1.1%
Nov 15 16:19:29     79.9   292020741      200    71.1%    199.8     0.2%     7.3%     0.2%     0.0%    20.3%     1.1%
Nov 15 16:20:37     79.6   292307210      200    71.0%    199.8     0.2%     7.3%     0.2%     0.0%    20.4%     1.2%
Nov 15 16:21:48     79.2   292648157      200    71.0%    199.8     0.2%     7.3%     0.2%     0.0%    20.4%     1.2%
Nov 15 16:23:02     79.0   293389961      200    71.0%    199.8     0.2%     7.3%     0.2%     0.0%    20.4%     1.2%
Nov 15 16:24:06     79.0   294701029      200    70.9%    199.8     0.2%     7.3%     0.2%     0.0%    20.4%     1.2%
Nov 15 16:25:06     79.2   296753493      200    70.7%    199.8     0.2%     7.4%     0.2%     0.0%    20.5%     1.2%
Nov 15 16:26:07     79.3   298627688      200    70.8%    199.8     0.2%     7.4%     0.2%     0.0%    20.4%     1.2%
Nov 15 16:27:07     79.6   300899420      200    70.9%    199.8     0.2%     7.4%     0.2%     0.0%    20.3%     1.2%
Nov 15 16:28:07     80.0   303687286      200    70.9%    199.8     0.2%     7.4%     0.2%     0.0%    20.3%     1.2%
Nov 15 16:29:08     80.2   306129123      200    71.0%    199.8     0.2%     7.5%     0.2%     0.0%    20.2%     1.2%
Nov 15 16:30:09     80.5   308627925      200    71.1%    199.8     0.2%     7.5%     0.2%     0.0%    20.1%     1.2%
Nov 15 16:31:43     80.4   310161375      200    71.2%    199.8     0.2%     7.5%     0.2%     0.0%    20.0%     1.2%
Nov 15 16:35:24     79.1   310218996      200    71.2%    199.8     0.2%     7.5%     0.2%     0.0%    20.0%     1.2%
Nov 15 16:36:35     79.1   311541923      200    70.9%    199.8     0.2%     7.5%     0.2%     0.0%    20.2%     1.2%
Nov 15 16:40:21     77.9   311599315      200    70.9%    199.8     0.2%     7.5%     0.2%     0.0%    20.2%     1.2%
Nov 15 16:41:34     77.8   312919773      200    70.6%    199.8     0.2%     7.4%     0.2%     0.0%    20.5%     1.3%
Nov 15 16:45:05     76.7   312977216      200    70.6%    199.8     0.2%     7.4%     0.2%     0.0%    20.5%     1.3%
Nov 15 16:46:14     76.4   313436682      200    70.5%    199.8     0.2%     7.4%     0.2%     0.0%    20.6%     1.4%
Nov 15 16:47:19     76.3   314242049      200    70.3%    199.8     0.2%     7.4%     0.2%     0.0%    20.7%     1.4%
Nov 15 16:50:10     75.5   314357329      200    70.3%    199.8     0.2%     7.4%     0.2%     0.0%    20.7%     1.4%
Nov 15 16:51:14     75.3   314818125      200    70.2%    199.8     0.2%     7.4%     0.2%     0.0%    20.8%     1.4%
Nov 15 16:52:24     75.0   315278134      200    70.1%    199.8     0.2%     7.4%     0.2%     0.0%    20.9%     1.4%
Nov 15 16:53:28     74.9   316020872      200    70.0%    199.8     0.2%     7.4%     0.2%     0.0%    21.0%     1.4%
Nov 15 16:54:31     74.7   316533577      200    70.0%    199.8     0.2%     7.4%     0.2%     0.0%    21.1%     1.4%
Nov 15 16:55:31     74.6   317501717      200    69.9%    199.8     0.2%     7.4%     0.2%     0.0%    21.1%     1.4%
Nov 15 16:56:41     74.5   318412522      200    69.8%    199.8     0.2%     7.4%     0.2%     0.0%    21.2%     1.4%
Nov 15 16:58:06     74.2   318984442      200    69.8%    199.8     0.2%     7.4%     0.2%     0.0%    21.2%     1.4%
Nov 15 16:59:08     74.0   319213777      200    69.7%    199.8     0.2%     7.4%     0.2%     0.0%    21.3%     1.4%
Nov 15 17:00:17     73.7   319384821      200    69.7%    199.8     0.2%     7.4%     0.2%     0.0%    21.3%     1.4%
Nov 15 17:01:17     73.5   319727302      200    69.7%    199.8     0.2%     7.4%     0.2%     0.0%    21.3%     1.4%
Nov 15 17:02:17     73.5   321098275      200    69.6%    199.8     0.2%     7.4%     0.2%     0.0%    21.4%     1.5%
Nov 15 17:04:59     73.2   323038536      200    69.4%    199.8     0.2%     7.3%     0.2%     0.0%    21.6%     1.5%
Nov 15 17:06:11     72.9   323267801      200    69.4%    199.8     0.2%     7.3%     0.2%     0.0%    21.6%     1.5%
Nov 15 17:07:11     72.7   323382821      200    69.4%    199.8     0.2%     7.3%     0.2%     0.0%    21.6%     1.5%
Nov 15 17:08:26     72.4   323785256      200    69.3%    199.8     0.2%     7.3%     0.2%     0.0%    21.7%     1.5%
Nov 15 17:10:16     72.1   324420391      200    69.2%    199.8     0.2%     7.3%     0.2%     0.0%    21.8%     1.5%
Nov 15 17:11:38     71.8   324878935      200    69.1%    199.8     0.2%     7.3%     0.2%     0.0%    21.9%     1.5%
Nov 15 17:12:38     71.6   325223446      200    69.0%    199.8     0.2%     7.3%     0.2%     0.0%    22.0%     1.5%
Nov 15 17:13:43     71.4   325625163      200    69.0%    199.8     0.2%     7.3%     0.2%     0.0%    22.0%     1.5%
Nov 15 17:17:22     70.6   325970175      200    68.9%    199.8     0.2%     7.3%     0.2%     0.0%    22.1%     1.5%
Nov 15 17:19:10     70.2   326544672      200    68.8%    199.8     0.2%     7.3%     0.2%     0.0%    22.2%     1.6%
Nov 15 17:20:19     70.2   327519059      200    68.7%    199.8     0.2%     7.3%     0.2%     0.0%    22.3%     1.6%
Nov 15 17:21:20     70.3   329228795      200    68.5%    199.8     0.2%     7.3%     0.2%     0.0%    22.5%     1.6%
Nov 15 17:22:22     70.5   331502392      200    68.3%    199.8     0.2%     7.4%     0.2%     0.0%    22.5%     1.6%
Nov 15 17:26:49     69.5   331787410      200    68.3%    199.8     0.2%     7.4%     0.2%     0.0%    22.6%     1.6%
Nov 15 17:27:51     69.6   333676027      200    68.1%    199.8     0.2%     7.4%     0.2%     0.0%    22.8%     1.6%
Nov 15 17:28:52     69.6   334813216      200    68.1%    199.8     0.2%     7.4%     0.2%     0.0%    22.8%     1.6%
Nov 15 17:30:38     69.4   335950262      200    68.1%    199.8     0.2%     7.4%     0.2%     0.0%    22.8%     1.6%
Nov 15 17:31:39     69.2   336180043      200    68.0%    199.8     0.2%     7.4%     0.2%     0.0%    22.8%     1.6%
Nov 15 17:32:50     69.0   336408084      200    68.0%    199.8     0.2%     7.4%     0.2%     0.0%    22.9%     1.6%
Nov 15 17:33:53     68.8   336636324      200    67.9%    199.8     0.2%     7.4%     0.2%     0.0%    22.9%     1.6%
Nov 15 17:34:54     68.6   337036559      200    67.9%    199.8     0.2%     7.4%     0.2%     0.0%    23.0%     1.6%
Nov 15 17:38:29     68.0   338072270      200    67.7%    199.8     0.2%     7.3%     0.2%     0.0%    23.2%     1.6%
Nov 15 17:39:37     67.9   338590165      200    67.6%    199.8     0.2%     7.3%     0.2%     0.0%    23.3%     1.7%
Nov 15 17:40:46     67.6   338705099      200    67.6%    199.8     0.2%     7.3%     0.2%     0.0%    23.3%     1.7%
Nov 15 17:42:06     67.5   339452582      200    67.4%    199.8     0.2%     7.3%     0.2%     0.0%    23.4%     1.7%
Nov 15 17:43:12     67.3   339680078      200    67.4%    199.8     0.2%     7.3%     0.2%     0.0%    23.4%     1.7%
Nov 15 17:44:14     67.1   339908240      200    67.4%    199.8     0.2%     7.3%     0.2%     0.0%    23.4%     1.7%
Nov 15 17:45:20     67.0   340652937      200    67.3%    199.8     0.2%     7.3%     0.2%     0.0%    23.5%     1.7%
Nov 15 17:46:20     67.2   342757960      200    67.3%    199.8     0.2%     7.3%     0.2%     0.0%    23.5%     1.7%
Nov 15 17:47:20     67.3   344695884      200    67.3%    199.8     0.2%     7.3%     0.2%     0.0%    23.5%     1.7%
Nov 15 17:48:25     67.2   345150088      200    67.3%    199.8     0.2%     7.3%     0.2%     0.0%    23.5%     1.7%
Nov 15 17:49:25     67.2   346231070      200    67.3%    199.8     0.2%     7.3%     0.2%     0.0%    23.5%     1.7%
Nov 15 17:50:28     67.3   347991688      200    67.4%    199.8     0.2%     7.3%     0.2%     0.0%    23.4%     1.7%
Nov 15 17:51:28     67.5   350206494      200    67.5%    199.8     0.2%     7.3%     0.2%     0.0%    23.2%     1.7%
Nov 15 17:52:28     67.8   352823046      200    67.6%    199.8     0.2%     7.3%     0.2%     0.0%    23.2%     1.7%
Nov 15 17:56:43     67.1   353963700      200    67.6%    199.8     0.2%     7.3%     0.2%     0.0%    23.2%     1.7%
Nov 15 17:58:13     66.8   354021179      200    67.6%    199.8     0.2%     7.3%     0.2%     0.0%    23.2%     1.7%
Nov 15 18:02:35     66.1   355343121      200    67.4%    199.8     0.2%     7.3%     0.2%     0.0%    23.4%     1.8%
Nov 15 18:03:47     66.0   355856953      200    67.3%    199.8     0.2%     7.3%     0.2%     0.0%    23.5%     1.8%
Nov 15 18:04:48     66.1   357743453      200    67.2%    199.8     0.2%     7.2%     0.2%     0.0%    23.6%     1.8%
Nov 15 18:05:48     66.3   359959289      200    67.3%    199.8     0.2%     7.2%     0.2%     0.0%    23.5%     1.8%
Nov 15 18:06:48     66.3   361097157      200    67.3%    199.8     0.2%     7.2%     0.2%     0.0%    23.5%     1.8%
Nov 15 18:07:54     66.3   362063864      200    67.3%    199.8     0.2%     7.2%     0.2%     0.0%    23.5%     1.8%
Nov 15 18:09:03     66.1   362120920      200    67.3%    199.8     0.2%     7.2%     0.2%     0.0%    23.5%     1.8%
Nov 15 18:10:19     65.9   362292164      200    67.3%    199.8     0.2%     7.2%     0.2%     0.0%    23.5%     1.8%
Nov 15 18:11:52     65.6   362407166      200    67.3%    199.8     0.2%     7.2%     0.2%     0.0%    23.5%     1.8%
Nov 15 18:12:52     65.4   362579790      200    67.2%    199.8     0.2%     7.2%     0.2%     0.0%    23.6%     1.8%
Nov 15 18:13:53     65.3   363327465      200    67.1%    199.8     0.2%     7.2%     0.2%     0.0%    23.7%     1.8%
Nov 15 18:15:26     65.1   363442400      200    67.1%    199.8     0.2%     7.2%     0.2%     0.0%    23.7%     1.8%
Nov 15 18:16:33     64.8   363499796      200    67.1%    199.8     0.2%     7.2%     0.2%     0.0%    23.7%     1.8%
Nov 15 18:17:51     64.6   363672264      200    67.1%    199.8     0.2%     7.2%     0.2%     0.0%    23.8%     1.8%
Nov 15 18:19:12     64.4   363787212      200    67.0%    199.8     0.2%     7.2%     0.2%     0.0%    23.8%     1.8%
Nov 15 18:20:18     64.2   364074879      200    67.0%    199.8     0.2%     7.2%     0.2%     0.0%    23.8%     1.8%
Nov 15 18:21:22     64.3   365674938      200    66.8%    199.8     0.2%     7.2%     0.2%     0.0%    24.0%     1.9%
Nov 15 18:22:22     64.4   367382648      200    66.7%    199.8     0.2%     7.2%     0.2%     0.0%    24.0%     1.8%
Nov 15 18:23:22     64.6   369654305      200    66.8%    199.8     0.2%     7.2%     0.2%     0.0%    23.9%     1.8%
Nov 15 18:24:29     64.8   372041644      200    66.9%    199.8     0.2%     7.2%     0.2%     0.0%    23.9%     1.8%
Nov 15 18:25:30     65.1   374427543      200    67.0%    199.8     0.2%     7.3%     0.2%     0.0%    23.8%     1.8%
Nov 15 18:26:30     65.3   376641583      200    67.1%    199.9     0.2%     7.3%     0.2%     0.0%    23.7%     1.8%
Nov 15 18:27:31     65.5   378855748      200    67.1%    199.9     0.2%     7.3%     0.2%     0.0%    23.5%     1.8%
Nov 15 18:28:32     65.6   381068897      200    67.2%    199.9     0.2%     7.3%     0.2%     0.0%    23.4%     1.8%
Nov 15 18:29:35     65.8   382943431      200    67.3%    199.9     0.2%     7.4%     0.2%     0.0%    23.4%     1.8%
Nov 15 18:30:37     65.7   383458881      200    67.2%    199.9     0.2%     7.4%     0.2%     0.0%    23.5%     1.8%
Nov 15 18:31:52     65.5   383573663      200    67.2%    199.9     0.2%     7.4%     0.2%     0.0%    23.5%     1.8%
Nov 15 18:34:02     65.1   383747002      200    67.1%    199.9     0.2%     7.4%     0.2%     0.0%    23.5%     1.8%
Nov 15 18:35:03     64.9   383863064      200    67.1%    199.9     0.2%     7.4%     0.2%     0.0%    23.5%     1.8%
Nov 15 18:36:04     65.0   385240169      200    66.9%    199.9     0.2%     7.4%     0.2%     0.0%    23.7%     1.8%
Nov 15 18:37:04     65.2   387805336      200    67.0%    199.9     0.2%     7.4%     0.2%     0.0%    23.7%     1.8%
Nov 15 18:38:06     65.4   390191359      200    67.1%    199.9     0.2%     7.4%     0.2%     0.0%    23.6%     1.8%
Nov 15 18:39:06     65.6   392578433      200    67.2%    199.9     0.2%     7.4%     0.2%     0.0%    23.5%     1.8%
Nov 15 18:40:06     65.8   394906380      200    67.3%    199.9     0.2%     7.4%     0.2%     0.0%    23.4%     1.8%
Nov 15 18:41:06     66.0   397235419      200    67.4%    199.9     0.2%     7.4%     0.2%     0.0%    23.3%     1.8%
Nov 15 18:42:07     66.2   399450266      200    67.4%    199.9     0.2%     7.4%     0.2%     0.0%    23.2%     1.8%
Nov 15 18:43:08     66.4   401777165      200    67.5%    199.9     0.2%     7.4%     0.2%     0.0%    23.1%     1.8%
Nov 15 18:44:10     66.6   403990235      200    67.6%    199.9     0.2%     7.4%     0.2%     0.0%    23.0%     1.8%
Nov 15 18:45:10     66.8   406203310      200    67.7%    199.9     0.2%     7.4%     0.2%     0.0%    22.9%     1.7%
Nov 15 18:46:11     66.9   408302938      200    67.8%    199.9     0.2%     7.4%     0.2%     0.0%    22.8%     1.7%
Nov 15 18:47:11     67.1   410404191      200    67.9%    199.9     0.2%     7.4%     0.2%     0.0%    22.8%     1.7%
Nov 15 18:48:13     67.3   412789306      200    68.0%    199.9     0.2%     7.4%     0.2%     0.0%    22.7%     1.7%
Nov 15 18:49:18     67.5   414946170      200    68.1%    199.9     0.2%     7.4%     0.2%     0.0%    22.6%     1.7%
Nov 15 18:50:19     67.4   415517464      200    68.0%    199.9     0.2%     7.4%     0.2%     0.0%    22.7%     1.7%
Nov 15 18:51:20     67.3   416142618      200    68.0%    199.9     0.2%     7.4%     0.2%     0.0%    22.7%     1.7%
Nov 15 18:52:21     67.3   417171566      200    68.0%    199.9     0.2%     7.4%     0.2%     0.0%    22.7%     1.7%
Nov 15 18:53:25     67.3   418538327      200    67.9%    199.9     0.2%     7.4%     0.2%     0.0%    22.7%     1.7%
Nov 15 18:54:25     67.4   420584933      200    67.9%    199.9     0.2%     7.5%     0.2%     0.0%    22.7%     1.7%
Nov 15 18:55:27     67.4   421666193      200    67.9%    199.9     0.2%     7.5%     0.2%     0.0%    22.7%     1.7%
Nov 15 18:56:38     67.4   422802299      200    67.9%    199.9     0.2%     7.5%     0.2%     0.0%    22.7%     1.7%
Nov 15 18:57:38     67.4   424108784      200    68.0%    199.9     0.2%     7.5%     0.2%     0.0%    22.6%     1.7%
Nov 15 18:58:41     67.4   425415761      200    68.0%    199.9     0.2%     7.5%     0.2%     0.0%    22.6%     1.7%
Nov 15 18:59:41     67.6   427295643      200    68.0%    199.9     0.2%     7.5%     0.2%     0.0%    22.6%     1.7%
Nov 15 19:00:42     67.8   430190435      200    68.0%    199.9     0.2%     7.5%     0.2%     0.0%    22.6%     1.7%
Nov 15 19:01:43     68.1   433198364      200    68.1%    199.9     0.2%     7.5%     0.2%     0.0%    22.5%     1.7%
Nov 15 19:02:43     68.4   435865784      200    68.2%    199.9     0.2%     7.5%     0.2%     0.0%    22.5%     1.7%
Nov 15 19:03:43     68.6   438590121      200    68.3%    199.9     0.2%     7.5%     0.2%     0.0%    22.4%     1.7%
Nov 15 19:04:47     68.7   440236104      200    68.3%    199.9     0.2%     7.5%     0.2%     0.0%    22.4%     1.7%
Nov 15 19:05:47     68.8   442225035      200    68.4%    199.9     0.2%     7.5%     0.2%     0.0%    22.3%     1.7%
Nov 15 19:06:47     68.9   444043757      200    68.4%    199.9     0.2%     7.4%     0.2%     0.0%    22.3%     1.7%
Nov 15 19:08:39     68.8   445067292      200    68.5%    199.9     0.2%     7.4%     0.2%     0.0%    22.2%     1.7%
Nov 15 19:10:27     68.4   445124746      200    68.5%    199.9     0.2%     7.4%     0.2%     0.0%    22.2%     1.7%
Nov 15 19:12:21     68.1   445182185      200    68.4%    199.9     0.2%     7.4%     0.2%     0.0%    22.3%     1.7%
Nov 15 19:13:21     68.1   446388115      200    68.3%    199.9     0.2%     7.4%     0.2%     0.0%    22.4%     1.7%
Nov 15 19:14:23     68.0   446616587      200    68.2%    199.9     0.2%     7.4%     0.2%     0.0%    22.4%     1.7%
Nov 15 19:16:19     67.7   446788575      200    68.2%    199.9     0.2%     7.4%     0.2%     0.0%    22.4%     1.7%
Nov 15 19:17:52     67.4   446845939      200    68.2%    199.9     0.2%     7.4%     0.2%     0.0%    22.5%     1.7%
Nov 15 19:18:52     67.4   448045730      200    68.1%    199.9     0.2%     7.4%     0.2%     0.0%    22.5%     1.7%
Nov 15 19:19:52     67.6   450433713      200    68.2%    199.9     0.2%     7.4%     0.2%     0.0%    22.5%     1.7%
Nov 15 19:20:52     67.8   452880175      200    68.2%    199.9     0.2%     7.4%     0.2%     0.0%    22.5%     1.7%
Nov 15 19:21:52     68.0   455207329      200    68.3%    199.9     0.2%     7.4%     0.2%     0.0%    22.4%     1.7%
Nov 15 19:22:52     68.2   457365100      200    68.3%    199.9     0.2%     7.4%     0.2%     0.0%    22.3%     1.7%
Nov 15 19:23:53     68.3   459465132      200    68.4%    199.9     0.2%     7.4%     0.2%     0.0%    22.2%     1.7%
Nov 15 19:24:55     68.5   461737267      200    68.5%    199.9     0.2%     7.4%     0.2%     0.0%    22.2%     1.7%
Nov 15 19:25:55     68.7   464178059      200    68.6%    199.9     0.2%     7.4%     0.2%     0.0%    22.1%     1.7%
Nov 15 19:26:55     68.8   466164804      200    68.6%    199.9     0.2%     7.4%     0.2%     0.0%    22.0%     1.7%
Nov 15 19:27:55     68.9   468492214      200    68.7%    199.9     0.2%     7.4%     0.2%     0.0%    22.0%     1.7%
Nov 15 19:28:55     69.1   470649110      200    68.8%    199.9     0.2%     7.4%     0.2%     0.0%    21.9%     1.7%
Nov 15 19:29:57     69.2   472749084      200    68.9%    199.9     0.2%     7.4%     0.2%     0.0%    21.8%     1.7%
Nov 15 19:30:57     69.4   475134108      200    68.9%    199.9     0.2%     7.5%     0.2%     0.0%    21.8%     1.7%
Nov 15 19:31:57     69.6   477633466      200    69.0%    199.9     0.2%     7.5%     0.2%     0.0%    21.7%     1.7%
Nov 15 19:32:58     69.8   480018313      200    69.1%    199.9     0.2%     7.5%     0.2%     0.0%    21.6%     1.7%
Nov 15 19:33:59     70.0   482632150      200    69.2%    199.9     0.2%     7.5%     0.2%     0.0%    21.5%     1.7%
Nov 15 19:34:59     70.2   485186966      200    69.2%    200.0     0.2%     7.5%     0.2%     0.0%    21.4%     1.6%
Nov 15 19:35:59     70.3   487458046      200    69.3%    200.0     0.2%     7.5%     0.2%     0.0%    21.4%     1.6%
Nov 15 19:37:00     70.6   490073963      200    69.4%    200.0     0.2%     7.5%     0.2%     0.0%    21.3%     1.6%
Nov 15 19:38:04     70.7   492572297      200    69.5%    200.0     0.2%     7.5%     0.2%     0.0%    21.2%     1.6%
Nov 15 19:39:04     70.9   495183958      200    69.6%    200.0     0.2%     7.5%     0.2%     0.0%    21.1%     1.6%
Nov 15 19:40:04     71.1   497624882      200    69.6%    200.0     0.2%     7.5%     0.2%     0.0%    21.1%     1.6%
Nov 15 19:41:05     71.3   500178883      200    69.7%    200.0     0.2%     7.5%     0.2%     0.0%    21.0%     1.6%
Nov 15 19:42:06     71.5   502619321      200    69.8%    200.0     0.2%     7.5%     0.2%     0.0%    20.9%     1.6%
Nov 15 19:43:06     71.6   504889405      200    69.9%    200.0     0.2%     7.5%     0.2%     0.0%    20.8%     1.6%
Nov 15 19:44:06     71.9   507613652      200    70.0%    200.0     0.2%     7.5%     0.2%     0.0%    20.7%     1.6%
Nov 15 19:45:06     72.0   510054182      200    70.1%    200.0     0.2%     7.5%     0.2%     0.0%    20.6%     1.6%
Nov 15 19:46:07     72.0   511191638      200    70.1%    200.0     0.2%     7.5%     0.2%     0.0%    20.7%     1.6%
Nov 15 19:47:07     72.1   513070399      200    70.0%    200.0     0.2%     7.5%     0.2%     0.0%    20.7%     1.6%
Nov 15 19:48:08     72.2   514830852      200    70.0%    200.0     0.2%     7.5%     0.2%     0.0%    20.7%     1.6%
Nov 15 19:49:08     72.3   516590768      200    70.1%    200.0     0.2%     7.6%     0.2%     0.0%    20.6%     1.6%
Nov 15 19:50:10     72.5   519376097      200    70.1%    200.0     0.2%     7.6%     0.2%     0.0%    20.6%     1.6%
Nov 15 19:51:10     72.7   521931014      200    70.2%    200.0     0.2%     7.6%     0.2%     0.0%    20.5%     1.6%
Nov 15 19:52:10     72.8   524143774      200    70.2%    200.0     0.2%     7.6%     0.2%     0.0%    20.5%     1.5%
Nov 15 19:53:35     72.7   525258802      200    70.2%    200.0     0.2%     7.6%     0.2%     0.0%    20.4%     1.5%
Nov 15 19:54:38     72.6   525373845      200    70.2%    200.0     0.2%     7.6%     0.2%     0.0%    20.4%     1.5%
Nov 15 19:56:23     72.3   525431412      200    70.2%    200.0     0.2%     7.6%     0.2%     0.0%    20.4%     1.5%
Nov 15 19:57:32     72.1   525546545      200    70.2%    200.0     0.2%     7.6%     0.2%     0.0%    20.5%     1.5%
Nov 15 20:14:25     69.4   525661615      200    70.2%    200.0     0.2%     7.6%     0.2%     0.0%    20.5%     1.5%
ALL DONE!
